<?xml version="1.0" encoding="UTF-8"?>
<coverage generated="1632672543015" clover="3.2.0">
  <project timestamp="1632672543015" name="All files">
    <metrics statements="29" coveredstatements="29" conditionals="10" coveredconditionals="10" methods="8" coveredmethods="8" elements="47" coveredelements="47" complexity="0" loc="29" ncloc="29" packages="5" files="6" classes="6"/>
    <package name="atom.cta">
      <metrics statements="3" coveredstatements="3" conditionals="2" coveredconditionals="2" methods="1" coveredmethods="1"/>
      <file name="index.js" path="C:\Workspace\Personal\STE React case study\pankajslingwal.github.io\app\atom\cta\index.js">
        <metrics statements="3" coveredstatements="3" conditionals="2" coveredconditionals="2" methods="1" coveredmethods="1"/>
        <line num="7" count="3" type="stmt"/>
        <line num="9" count="66" type="stmt"/>
        <line num="15" count="3" type="stmt"/>
      </file>
    </package>
    <package name="atom.image">
      <metrics statements="3" coveredstatements="3" conditionals="0" coveredconditionals="0" methods="1" coveredmethods="1"/>
      <file name="index.js" path="C:\Workspace\Personal\STE React case study\pankajslingwal.github.io\app\atom\image\index.js">
        <metrics statements="3" coveredstatements="3" conditionals="0" coveredconditionals="0" methods="1" coveredmethods="1"/>
        <line num="7" count="3" type="stmt"/>
        <line num="9" count="128" type="stmt"/>
        <line num="14" count="3" type="stmt"/>
      </file>
    </package>
    <package name="mock">
      <metrics statements="2" coveredstatements="2" conditionals="0" coveredconditionals="0" methods="0" coveredmethods="0"/>
      <file name="fileMock.js" path="C:\Workspace\Personal\STE React case study\pankajslingwal.github.io\app\mock\fileMock.js">
        <metrics statements="1" coveredstatements="1" conditionals="0" coveredconditionals="0" methods="0" coveredmethods="0"/>
        <line num="3" count="3" type="stmt"/>
      </file>
      <file name="styleMock.js" path="C:\Workspace\Personal\STE React case study\pankajslingwal.github.io\app\mock\styleMock.js">
        <metrics statements="1" coveredstatements="1" conditionals="0" coveredconditionals="0" methods="0" coveredmethods="0"/>
        <line num="3" count="2" type="stmt"/>
      </file>
    </package>
    <package name="molecule.flight-schedule-row">
      <metrics statements="15" coveredstatements="15" conditionals="6" coveredconditionals="6" methods="2" coveredmethods="2"/>
      <file name="index.js" path="C:\Workspace\Personal\STE React case study\pankajslingwal.github.io\app\molecule\flight-schedule-row\index.js">
        <metrics statements="15" coveredstatements="15" conditionals="6" coveredconditionals="6" methods="2" coveredmethods="2"/>
        <line num="13" count="2" type="stmt"/>
        <line num="15" count="63" type="stmt"/>
        <line num="16" count="3" type="stmt"/>
        <line num="20" count="63" type="cond" truecount="4" falsecount="0"/>
        <line num="22" count="18" type="stmt"/>
        <line num="23" count="18" type="stmt"/>
        <line num="25" count="20" type="stmt"/>
        <line num="26" count="20" type="stmt"/>
        <line num="28" count="24" type="stmt"/>
        <line num="29" count="24" type="stmt"/>
        <line num="31" count="1" type="stmt"/>
        <line num="34" count="63" type="cond" truecount="2" falsecount="0"/>
        <line num="35" count="63" type="stmt"/>
        <line num="37" count="63" type="stmt"/>
        <line num="76" count="2" type="stmt"/>
      </file>
    </package>
    <package name="organism.flight-schedule-table">
      <metrics statements="6" coveredstatements="6" conditionals="2" coveredconditionals="2" methods="4" coveredmethods="4"/>
      <file name="index.js" path="C:\Workspace\Personal\STE React case study\pankajslingwal.github.io\app\organism\flight-schedule-table\index.js">
        <metrics statements="6" coveredstatements="6" conditionals="2" coveredconditionals="2" methods="4" coveredmethods="4"/>
        <line num="14" count="3" type="stmt"/>
        <line num="18" count="3" type="stmt"/>
        <line num="19" count="3" type="stmt"/>
        <line num="25" count="6" type="stmt"/>
        <line num="35" count="60" type="stmt"/>
        <line num="55" count="1" type="stmt"/>
      </file>
    </package>
  </project>
</coverage>
