{"C:\\Workspace\\Personal\\STE React case study\\pankajslingwal.github.io\\app\\atom\\cta\\index.js": {"path":"C:\\Workspace\\Personal\\STE React case study\\pankajslingwal.github.io\\app\\atom\\cta\\index.js","statementMap":{"0":{"start":{"line":7,"column":12},"end":{"line":13,"column":1}},"1":{"start":{"line":9,"column":4},"end":{"line":12,"column":6}},"2":{"start":{"line":15,"column":0},"end":{"line":26,"column":4}}},"fnMap":{"0":{"name":"(anonymous_0)","decl":{"start":{"line":7,"column":12},"end":{"line":7,"column":13}},"loc":{"start":{"line":7,"column":23},"end":{"line":13,"column":1}},"line":7}},"branchMap":{"0":{"loc":{"start":{"line":10,"column":63},"end":{"line":10,"column":95}},"type":"cond-expr","locations":[{"start":{"line":10,"column":80},"end":{"line":10,"column":90}},{"start":{"line":10,"column":93},"end":{"line":10,"column":95}}],"line":10}},"s":{"0":3,"1":66,"2":3},"f":{"0":66},"b":{"0":[5,61]},"_coverageSchema":"1a1c01bbd47fc00a2c39e90264f33305004495a9","hash":"76304cf3f6f5f91e7ac97f51b3f7a6039564518a"}
,"C:\\Workspace\\Personal\\STE React case study\\pankajslingwal.github.io\\app\\atom\\image\\index.js": {"path":"C:\\Workspace\\Personal\\STE React case study\\pankajslingwal.github.io\\app\\atom\\image\\index.js","statementMap":{"0":{"start":{"line":7,"column":14},"end":{"line":12,"column":1}},"1":{"start":{"line":9,"column":4},"end":{"line":11,"column":6}},"2":{"start":{"line":14,"column":0},"end":{"line":19,"column":4}}},"fnMap":{"0":{"name":"(anonymous_0)","decl":{"start":{"line":7,"column":14},"end":{"line":7,"column":15}},"loc":{"start":{"line":7,"column":25},"end":{"line":12,"column":1}},"line":7}},"branchMap":{},"s":{"0":3,"1":128,"2":3},"f":{"0":128},"b":{},"_coverageSchema":"1a1c01bbd47fc00a2c39e90264f33305004495a9","hash":"53eec3e5095beeba8f99932bb8269f73f2cf0e06"}
,"C:\\Workspace\\Personal\\STE React case study\\pankajslingwal.github.io\\app\\mock\\fileMock.js": {"path":"C:\\Workspace\\Personal\\STE React case study\\pankajslingwal.github.io\\app\\mock\\fileMock.js","statementMap":{"0":{"start":{"line":3,"column":0},"end":{"line":3,"column":34}}},"fnMap":{},"branchMap":{},"s":{"0":3},"f":{},"b":{},"_coverageSchema":"1a1c01bbd47fc00a2c39e90264f33305004495a9","hash":"716797d907a45a3b627e9f17873b0c5e0b922eb7"}
,"C:\\Workspace\\Personal\\STE React case study\\pankajslingwal.github.io\\app\\mock\\styleMock.js": {"path":"C:\\Workspace\\Personal\\STE React case study\\pankajslingwal.github.io\\app\\mock\\styleMock.js","statementMap":{"0":{"start":{"line":3,"column":0},"end":{"line":3,"column":20}}},"fnMap":{},"branchMap":{},"s":{"0":2},"f":{},"b":{},"_coverageSchema":"1a1c01bbd47fc00a2c39e90264f33305004495a9","hash":"74fb2106709d5faa1eb7aeb09388a4110029ed2f"}
,"C:\\Workspace\\Personal\\STE React case study\\pankajslingwal.github.io\\app\\molecule\\flight-schedule-row\\index.js": {"path":"C:\\Workspace\\Personal\\STE React case study\\pankajslingwal.github.io\\app\\molecule\\flight-schedule-row\\index.js","statementMap":{"0":{"start":{"line":13,"column":31},"end":{"line":74,"column":1}},"1":{"start":{"line":15,"column":24},"end":{"line":17,"column":5}},"2":{"start":{"line":16,"column":8},"end":{"line":16,"column":41}},"3":{"start":{"line":20,"column":4},"end":{"line":32,"column":5}},"4":{"start":{"line":22,"column":12},"end":{"line":22,"column":26}},"5":{"start":{"line":23,"column":12},"end":{"line":23,"column":18}},"6":{"start":{"line":25,"column":12},"end":{"line":25,"column":22}},"7":{"start":{"line":26,"column":12},"end":{"line":26,"column":18}},"8":{"start":{"line":28,"column":12},"end":{"line":28,"column":22}},"9":{"start":{"line":29,"column":12},"end":{"line":29,"column":18}},"10":{"start":{"line":31,"column":12},"end":{"line":31,"column":22}},"11":{"start":{"line":34,"column":22},"end":{"line":34,"column":58}},"12":{"start":{"line":35,"column":20},"end":{"line":35,"column":47}},"13":{"start":{"line":37,"column":4},"end":{"line":73,"column":6}},"14":{"start":{"line":76,"column":0},"end":{"line":99,"column":4}}},"fnMap":{"0":{"name":"(anonymous_0)","decl":{"start":{"line":13,"column":31},"end":{"line":13,"column":32}},"loc":{"start":{"line":13,"column":42},"end":{"line":74,"column":1}},"line":13},"1":{"name":"(anonymous_1)","decl":{"start":{"line":15,"column":24},"end":{"line":15,"column":25}},"loc":{"start":{"line":15,"column":30},"end":{"line":17,"column":5}},"line":15}},"branchMap":{"0":{"loc":{"start":{"line":20,"column":4},"end":{"line":32,"column":5}},"type":"switch","locations":[{"start":{"line":21,"column":8},"end":{"line":23,"column":18}},{"start":{"line":24,"column":8},"end":{"line":26,"column":18}},{"start":{"line":27,"column":8},"end":{"line":29,"column":18}},{"start":{"line":30,"column":8},"end":{"line":31,"column":22}}],"line":20},"1":{"loc":{"start":{"line":34,"column":22},"end":{"line":34,"column":58}},"type":"cond-expr","locations":[{"start":{"line":34,"column":39},"end":{"line":34,"column":53}},{"start":{"line":34,"column":56},"end":{"line":34,"column":58}}],"line":34}},"s":{"0":2,"1":63,"2":3,"3":63,"4":18,"5":18,"6":20,"7":20,"8":24,"9":24,"10":1,"11":63,"12":63,"13":63,"14":2},"f":{"0":63,"1":3},"b":{"0":[18,20,24,1],"1":[4,59]},"_coverageSchema":"1a1c01bbd47fc00a2c39e90264f33305004495a9","hash":"30196aea7a25ee77991ca1be9efe61519521ac98"}
,"C:\\Workspace\\Personal\\STE React case study\\pankajslingwal.github.io\\app\\organism\\flight-schedule-table\\index.js": {"path":"C:\\Workspace\\Personal\\STE React case study\\pankajslingwal.github.io\\app\\organism\\flight-schedule-table\\index.js","statementMap":{"0":{"start":{"line":14,"column":10},"end":{"line":16,"column":3}},"1":{"start":{"line":18,"column":21},"end":{"line":22,"column":3}},"2":{"start":{"line":19,"column":5},"end":{"line":21,"column":8}},"3":{"start":{"line":19,"column":29},"end":{"line":21,"column":5}},"4":{"start":{"line":25,"column":4},"end":{"line":51,"column":6}},"5":{"start":{"line":35,"column":14},"end":{"line":48,"column":16}},"6":{"start":{"line":55,"column":0},"end":{"line":57,"column":2}}},"fnMap":{"0":{"name":"(anonymous_0)","decl":{"start":{"line":18,"column":21},"end":{"line":18,"column":22}},"loc":{"start":{"line":18,"column":28},"end":{"line":22,"column":3}},"line":18},"1":{"name":"(anonymous_1)","decl":{"start":{"line":19,"column":19},"end":{"line":19,"column":20}},"loc":{"start":{"line":19,"column":29},"end":{"line":21,"column":5}},"line":19},"2":{"name":"(anonymous_2)","decl":{"start":{"line":24,"column":2},"end":{"line":24,"column":3}},"loc":{"start":{"line":24,"column":11},"end":{"line":52,"column":3}},"line":24},"3":{"name":"(anonymous_3)","decl":{"start":{"line":34,"column":20},"end":{"line":34,"column":21}},"loc":{"start":{"line":35,"column":14},"end":{"line":48,"column":16}},"line":35}},"branchMap":{"0":{"loc":{"start":{"line":47,"column":26},"end":{"line":47,"column":77}},"type":"cond-expr","locations":[{"start":{"line":47,"column":65},"end":{"line":47,"column":70}},{"start":{"line":47,"column":73},"end":{"line":47,"column":77}}],"line":47}},"s":{"0":3,"1":3,"2":3,"3":3,"4":6,"5":60,"6":1},"f":{"0":3,"1":3,"2":6,"3":60},"b":{"0":[57,3]},"_coverageSchema":"1a1c01bbd47fc00a2c39e90264f33305004495a9","hash":"d000986b7e3857e240fded8440b70ef523618f13"}
}
