{"C:\\Workspace\\Personal\\STE React case study\\pankajslingwal.github.io\\app\\atom\\cta\\index.js": {"path":"C:\\Workspace\\Personal\\STE React case study\\pankajslingwal.github.io\\app\\atom\\cta\\index.js","statementMap":{"0":{"start":{"line":3,"column":12},"end":{"line":9,"column":1}},"1":{"start":{"line":5,"column":4},"end":{"line":8,"column":6}}},"fnMap":{"0":{"name":"(anonymous_0)","decl":{"start":{"line":3,"column":12},"end":{"line":3,"column":13}},"loc":{"start":{"line":3,"column":23},"end":{"line":9,"column":1}},"line":3}},"branchMap":{"0":{"loc":{"start":{"line":6,"column":63},"end":{"line":6,"column":95}},"type":"cond-expr","locations":[{"start":{"line":6,"column":80},"end":{"line":6,"column":90}},{"start":{"line":6,"column":93},"end":{"line":6,"column":95}}],"line":6}},"s":{"0":3,"1":24},"f":{"0":24},"b":{"0":[5,19]},"_coverageSchema":"1a1c01bbd47fc00a2c39e90264f33305004495a9","hash":"2c94d9ad51178f4cc942bf705b698fb6ff5da184"}
,"C:\\Workspace\\Personal\\STE React case study\\pankajslingwal.github.io\\app\\atom\\image\\index.js": {"path":"C:\\Workspace\\Personal\\STE React case study\\pankajslingwal.github.io\\app\\atom\\image\\index.js","statementMap":{"0":{"start":{"line":3,"column":14},"end":{"line":8,"column":1}},"1":{"start":{"line":5,"column":4},"end":{"line":7,"column":6}}},"fnMap":{"0":{"name":"(anonymous_0)","decl":{"start":{"line":3,"column":14},"end":{"line":3,"column":15}},"loc":{"start":{"line":3,"column":25},"end":{"line":8,"column":1}},"line":3}},"branchMap":{},"s":{"0":3,"1":23},"f":{"0":23},"b":{},"_coverageSchema":"1a1c01bbd47fc00a2c39e90264f33305004495a9","hash":"b396bf44c5acf0de8551592b8d044f584d11eacc"}
,"C:\\Workspace\\Personal\\STE React case study\\pankajslingwal.github.io\\app\\mock\\fileMock.js": {"path":"C:\\Workspace\\Personal\\STE React case study\\pankajslingwal.github.io\\app\\mock\\fileMock.js","statementMap":{"0":{"start":{"line":3,"column":0},"end":{"line":3,"column":34}}},"fnMap":{},"branchMap":{},"s":{"0":3},"f":{},"b":{},"_coverageSchema":"1a1c01bbd47fc00a2c39e90264f33305004495a9","hash":"716797d907a45a3b627e9f17873b0c5e0b922eb7"}
,"C:\\Workspace\\Personal\\STE React case study\\pankajslingwal.github.io\\app\\mock\\styleMock.js": {"path":"C:\\Workspace\\Personal\\STE React case study\\pankajslingwal.github.io\\app\\mock\\styleMock.js","statementMap":{"0":{"start":{"line":3,"column":0},"end":{"line":3,"column":20}}},"fnMap":{},"branchMap":{},"s":{"0":2},"f":{},"b":{},"_coverageSchema":"1a1c01bbd47fc00a2c39e90264f33305004495a9","hash":"74fb2106709d5faa1eb7aeb09388a4110029ed2f"}
,"C:\\Workspace\\Personal\\STE React case study\\pankajslingwal.github.io\\app\\molecule\\flight-schedule-row\\index.js": {"path":"C:\\Workspace\\Personal\\STE React case study\\pankajslingwal.github.io\\app\\molecule\\flight-schedule-row\\index.js","statementMap":{"0":{"start":{"line":9,"column":31},"end":{"line":59,"column":1}},"1":{"start":{"line":11,"column":24},"end":{"line":13,"column":5}},"2":{"start":{"line":12,"column":8},"end":{"line":12,"column":41}},"3":{"start":{"line":16,"column":4},"end":{"line":28,"column":5}},"4":{"start":{"line":18,"column":12},"end":{"line":18,"column":26}},"5":{"start":{"line":19,"column":12},"end":{"line":19,"column":18}},"6":{"start":{"line":21,"column":12},"end":{"line":21,"column":22}},"7":{"start":{"line":22,"column":12},"end":{"line":22,"column":18}},"8":{"start":{"line":24,"column":12},"end":{"line":24,"column":22}},"9":{"start":{"line":25,"column":12},"end":{"line":25,"column":18}},"10":{"start":{"line":27,"column":12},"end":{"line":27,"column":22}},"11":{"start":{"line":30,"column":22},"end":{"line":30,"column":58}},"12":{"start":{"line":31,"column":20},"end":{"line":31,"column":47}},"13":{"start":{"line":33,"column":4},"end":{"line":58,"column":6}}},"fnMap":{"0":{"name":"(anonymous_0)","decl":{"start":{"line":9,"column":31},"end":{"line":9,"column":32}},"loc":{"start":{"line":9,"column":42},"end":{"line":59,"column":1}},"line":9},"1":{"name":"(anonymous_1)","decl":{"start":{"line":11,"column":24},"end":{"line":11,"column":25}},"loc":{"start":{"line":11,"column":30},"end":{"line":13,"column":5}},"line":11}},"branchMap":{"0":{"loc":{"start":{"line":16,"column":4},"end":{"line":28,"column":5}},"type":"switch","locations":[{"start":{"line":17,"column":8},"end":{"line":19,"column":18}},{"start":{"line":20,"column":8},"end":{"line":22,"column":18}},{"start":{"line":23,"column":8},"end":{"line":25,"column":18}},{"start":{"line":26,"column":8},"end":{"line":27,"column":22}}],"line":16},"1":{"loc":{"start":{"line":30,"column":22},"end":{"line":30,"column":58}},"type":"cond-expr","locations":[{"start":{"line":30,"column":39},"end":{"line":30,"column":53}},{"start":{"line":30,"column":56},"end":{"line":30,"column":58}}],"line":30}},"s":{"0":2,"1":21,"2":3,"3":21,"4":6,"5":6,"6":8,"7":8,"8":6,"9":6,"10":1,"11":21,"12":21,"13":21},"f":{"0":21,"1":3},"b":{"0":[6,8,6,1],"1":[4,17]},"_coverageSchema":"1a1c01bbd47fc00a2c39e90264f33305004495a9","hash":"de639286e32f5be2136b9495849b32d636665ce6"}
,"C:\\Workspace\\Personal\\STE React case study\\pankajslingwal.github.io\\app\\organism\\flight-schedule-table\\index.js": {"path":"C:\\Workspace\\Personal\\STE React case study\\pankajslingwal.github.io\\app\\organism\\flight-schedule-table\\index.js","statementMap":{"0":{"start":{"line":9,"column":10},"end":{"line":11,"column":3}},"1":{"start":{"line":13,"column":21},"end":{"line":17,"column":3}},"2":{"start":{"line":14,"column":5},"end":{"line":16,"column":8}},"3":{"start":{"line":14,"column":29},"end":{"line":16,"column":5}},"4":{"start":{"line":20,"column":4},"end":{"line":46,"column":6}},"5":{"start":{"line":30,"column":14},"end":{"line":43,"column":16}}},"fnMap":{"0":{"name":"(anonymous_0)","decl":{"start":{"line":13,"column":21},"end":{"line":13,"column":22}},"loc":{"start":{"line":13,"column":28},"end":{"line":17,"column":3}},"line":13},"1":{"name":"(anonymous_1)","decl":{"start":{"line":14,"column":19},"end":{"line":14,"column":20}},"loc":{"start":{"line":14,"column":29},"end":{"line":16,"column":5}},"line":14},"2":{"name":"(anonymous_2)","decl":{"start":{"line":19,"column":2},"end":{"line":19,"column":3}},"loc":{"start":{"line":19,"column":11},"end":{"line":47,"column":3}},"line":19},"3":{"name":"(anonymous_3)","decl":{"start":{"line":29,"column":20},"end":{"line":29,"column":21}},"loc":{"start":{"line":30,"column":14},"end":{"line":43,"column":16}},"line":30}},"branchMap":{"0":{"loc":{"start":{"line":42,"column":26},"end":{"line":42,"column":77}},"type":"cond-expr","locations":[{"start":{"line":42,"column":65},"end":{"line":42,"column":70}},{"start":{"line":42,"column":73},"end":{"line":42,"column":77}}],"line":42}},"s":{"0":3,"1":3,"2":3,"3":3,"4":6,"5":18},"f":{"0":3,"1":3,"2":6,"3":18},"b":{"0":[15,3]},"_coverageSchema":"1a1c01bbd47fc00a2c39e90264f33305004495a9","hash":"17aef4d5f731ab0da4e88d8cf0bafd8738109f99"}
}
