TN:
SF:app\atom\cta\index.js
FN:3,(anonymous_0)
FNF:1
FNH:1
FNDA:66,(anonymous_0)
DA:3,3
DA:5,66
LF:2
LH:2
BRDA:6,0,0,5
BRDA:6,0,1,61
BRF:2
BRH:2
end_of_record
TN:
SF:app\atom\image\index.js
FN:3,(anonymous_0)
FNF:1
FNH:1
FNDA:65,(anonymous_0)
DA:3,3
DA:5,65
LF:2
LH:2
BRF:0
BRH:0
end_of_record
TN:
SF:app\mock\fileMock.js
FNF:0
FNH:0
DA:3,3
LF:1
LH:1
BRF:0
BRH:0
end_of_record
TN:
SF:app\mock\styleMock.js
FNF:0
FNH:0
DA:3,2
LF:1
LH:1
BRF:0
BRH:0
end_of_record
TN:
SF:app\molecule\flight-schedule-row\index.js
FN:9,(anonymous_0)
FN:11,(anonymous_1)
FNF:2
FNH:2
FNDA:63,(anonymous_0)
FNDA:3,(anonymous_1)
DA:9,2
DA:11,63
DA:12,3
DA:16,63
DA:18,18
DA:19,18
DA:21,20
DA:22,20
DA:24,24
DA:25,24
DA:27,1
DA:30,63
DA:31,63
DA:33,63
LF:14
LH:14
BRDA:16,0,0,18
BRDA:16,0,1,20
BRDA:16,0,2,24
BRDA:16,0,3,1
BRDA:30,1,0,4
BRDA:30,1,1,59
BRF:6
BRH:6
end_of_record
TN:
SF:app\organism\flight-schedule-table\index.js
FN:13,(anonymous_0)
FN:14,(anonymous_1)
FN:19,(anonymous_2)
FN:29,(anonymous_3)
FNF:4
FNH:4
FNDA:3,(anonymous_0)
FNDA:3,(anonymous_1)
FNDA:6,(anonymous_2)
FNDA:60,(anonymous_3)
DA:9,3
DA:13,3
DA:14,3
DA:20,6
DA:30,60
LF:5
LH:5
BRDA:42,0,0,57
BRDA:42,0,1,3
BRF:2
BRH:2
end_of_record
