TN:
SF:app\atom\cta\index.js
FN:7,(anonymous_0)
FNF:1
FNH:1
FNDA:66,(anonymous_0)
DA:7,3
DA:9,66
DA:15,3
LF:3
LH:3
BRDA:10,0,0,5
BRDA:10,0,1,61
BRF:2
BRH:2
end_of_record
TN:
SF:app\atom\image\index.js
FN:7,(anonymous_0)
FNF:1
FNH:1
FNDA:128,(anonymous_0)
DA:7,3
DA:9,128
DA:14,3
LF:3
LH:3
BRF:0
BRH:0
end_of_record
TN:
SF:app\mock\fileMock.js
FNF:0
FNH:0
DA:3,3
LF:1
LH:1
BRF:0
BRH:0
end_of_record
TN:
SF:app\mock\styleMock.js
FNF:0
FNH:0
DA:3,2
LF:1
LH:1
BRF:0
BRH:0
end_of_record
TN:
SF:app\molecule\flight-schedule-row\index.js
FN:13,(anonymous_0)
FN:15,(anonymous_1)
FNF:2
FNH:2
FNDA:63,(anonymous_0)
FNDA:3,(anonymous_1)
DA:13,2
DA:15,63
DA:16,3
DA:20,63
DA:22,18
DA:23,18
DA:25,20
DA:26,20
DA:28,24
DA:29,24
DA:31,1
DA:34,63
DA:35,63
DA:37,63
DA:76,2
LF:15
LH:15
BRDA:20,0,0,18
BRDA:20,0,1,20
BRDA:20,0,2,24
BRDA:20,0,3,1
BRDA:34,1,0,4
BRDA:34,1,1,59
BRF:6
BRH:6
end_of_record
TN:
SF:app\organism\flight-schedule-table\index.js
FN:18,(anonymous_0)
FN:19,(anonymous_1)
FN:24,(anonymous_2)
FN:34,(anonymous_3)
FNF:4
FNH:4
FNDA:3,(anonymous_0)
FNDA:3,(anonymous_1)
FNDA:6,(anonymous_2)
FNDA:60,(anonymous_3)
DA:14,3
DA:18,3
DA:19,3
DA:25,6
DA:35,60
DA:55,1
LF:6
LH:6
BRDA:47,0,0,57
BRDA:47,0,1,3
BRF:2
BRH:2
end_of_record
